\BOOKMARK [1][-]{section.1}{\376\377\000I\000n\000t\000r\000o\000d\000u\000c\000t\000i\000o\000n}{}% 1
\BOOKMARK [1][-]{section.2}{\376\377\000M\000e\000t\000h\000o\000d\000o\000l\000o\000g\000y}{}% 2
\BOOKMARK [2][-]{subsection.2.1}{\376\377\000D\000a\000t\000a\000\040\000P\000r\000o\000c\000e\000s\000s\000i\000n\000g}{section.2}% 3
\BOOKMARK [2][-]{subsection.2.2}{\376\377\000M\000o\000d\000e\000l\000s}{section.2}% 4
\BOOKMARK [2][-]{subsection.2.3}{\376\377\000S\000A\000R\000I\000M\000A\000X\000\040\000w\000i\000t\000h\000\040\000E\000x\000o\000g\000e\000n\000o\000u\000s\000\040\000V\000a\000r\000i\000a\000b\000l\000e\000s}{section.2}% 5
\BOOKMARK [3][-]{subsubsection.2.3.1}{\376\377\000E\000x\000o\000g\000e\000n\000o\000u\000s\000\040\000V\000a\000r\000i\000a\000b\000l\000e\000s}{subsection.2.3}% 6
\BOOKMARK [2][-]{subsection.2.4}{\376\377\000X\000G\000B\000o\000o\000s\000t\000\040\000M\000o\000d\000e\000l}{section.2}% 7
\BOOKMARK [3][-]{subsubsection.2.4.1}{\376\377\000M\000o\000d\000e\000l\000\040\000T\000r\000a\000i\000n\000i\000n\000g}{subsection.2.4}% 8
\BOOKMARK [2][-]{subsection.2.5}{\376\377\000P\000r\000o\000p\000h\000e\000t\000\040\000M\000o\000d\000e\000l}{section.2}% 9
\BOOKMARK [3][-]{subsubsection.2.5.1}{\376\377\000P\000a\000r\000a\000m\000e\000t\000e\000r\000\040\000T\000u\000n\000i\000n\000g}{subsection.2.5}% 10
\BOOKMARK [2][-]{subsection.2.6}{\376\377\000D\000y\000n\000a\000m\000i\000c\000\040\000F\000e\000a\000t\000u\000r\000e\000\040\000E\000n\000g\000i\000n\000e\000e\000r\000i\000n\000g}{section.2}% 11
\BOOKMARK [3][-]{subsubsection.2.6.1}{\376\377\000O\000u\000t\000l\000i\000e\000r\000\040\000D\000e\000t\000e\000c\000t\000i\000o\000n\000\040\000a\000n\000d\000\040\000H\000a\000n\000d\000l\000i\000n\000g}{subsection.2.6}% 12
\BOOKMARK [3][-]{subsubsection.2.6.2}{\376\377\000R\000o\000l\000l\000i\000n\000g\000-\000W\000i\000n\000d\000o\000w\000\040\000F\000o\000r\000e\000c\000a\000s\000t\000i\000n\000g}{subsection.2.6}% 13
\BOOKMARK [1][-]{section.3}{\376\377\000E\000x\000p\000e\000r\000i\000m\000e\000n\000t\000s}{}% 14
\BOOKMARK [2][-]{subsection.3.1}{\376\377\000E\000x\000p\000e\000r\000i\000m\000e\000n\000t\000a\000l\000\040\000S\000e\000t\000u\000p}{section.3}% 15
\BOOKMARK [2][-]{subsection.3.2}{\376\377\000R\000e\000s\000u\000l\000t\000s}{section.3}% 16
\BOOKMARK [1][-]{section.4}{\376\377\000D\000i\000s\000c\000u\000s\000s\000i\000o\000n\000\040\000a\000n\000d\000\040\000F\000u\000t\000u\000r\000e\000\040\000W\000o\000r\000k}{}% 17
\BOOKMARK [2][-]{subsection.4.1}{\376\377\000M\000o\000d\000e\000l\000\040\000C\000o\000m\000p\000a\000r\000i\000s\000o\000n\000\040\000a\000n\000d\000\040\000H\000y\000b\000r\000i\000d\000\040\000F\000r\000a\000m\000e\000w\000o\000r\000k}{section.4}% 18
\BOOKMARK [2][-]{subsection.4.2}{\376\377\000F\000u\000t\000u\000r\000e\000\040\000W\000o\000r\000k}{section.4}% 19
\BOOKMARK [1][-]{section.5}{\376\377\000C\000o\000n\000c\000l\000u\000s\000i\000o\000n}{}% 20
\BOOKMARK [1][-]{section.6}{\376\377\000R\000e\000f\000e\000r\000e\000n\000c\000e\000s}{}% 21
\BOOKMARK [1][-]{section*.1}{\376\377\000R\000e\000f\000e\000r\000e\000n\000c\000e\000s}{}% 22
\BOOKMARK [1][-]{section*.2}{\376\377\000A\000p\000p\000e\000n\000d\000i\000x}{}% 23
